[0.324s] Invoking command in '/home/fyier/ROS2_Queue_Viewer/ros_ws/src/QueueViewer': PYTHONPATH=/home/fyier/ROS2_Queue_Viewer/ros_ws/build/QueueViewer/prefix_override:/usr/lib/python3/dist-packages/colcon_core/task/python/colcon_distutils_commands:/home/fyier/ROS2_Queue_Viewer/ros_ws/install/QueueViewer/lib/python3.10/site-packages:${PYTHONPATH} /usr/bin/python3 -W ignore:setup.py install is deprecated setup.py egg_info --egg-base ../../build/QueueViewer build --build-base /home/fyier/ROS2_Queue_Viewer/ros_ws/build/QueueViewer/build install --record /home/fyier/ROS2_Queue_Viewer/ros_ws/build/QueueViewer/install.log --single-version-externally-managed install_data
[0.432s] running egg_info
[0.432s] creating ../../build/QueueViewer/QueueViewer.egg-info
[0.432s] writing ../../build/QueueViewer/QueueViewer.egg-info/PKG-INFO
[0.433s] writing dependency_links to ../../build/QueueViewer/QueueViewer.egg-info/dependency_links.txt
[0.433s] writing entry points to ../../build/QueueViewer/QueueViewer.egg-info/entry_points.txt
[0.433s] writing requirements to ../../build/QueueViewer/QueueViewer.egg-info/requires.txt
[0.433s] writing top-level names to ../../build/QueueViewer/QueueViewer.egg-info/top_level.txt
[0.433s] writing manifest file '../../build/QueueViewer/QueueViewer.egg-info/SOURCES.txt'
[0.434s] reading manifest file '../../build/QueueViewer/QueueViewer.egg-info/SOURCES.txt'
[0.434s] writing manifest file '../../build/QueueViewer/QueueViewer.egg-info/SOURCES.txt'
[0.434s] running build
[0.434s] running build_py
[0.434s] creating /home/fyier/ROS2_Queue_Viewer/ros_ws/build/QueueViewer/build
[0.434s] creating /home/fyier/ROS2_Queue_Viewer/ros_ws/build/QueueViewer/build/lib
[0.435s] creating /home/fyier/ROS2_Queue_Viewer/ros_ws/build/QueueViewer/build/lib/QueueViewer
[0.435s] copying QueueViewer/json_queue_publisher.py -> /home/fyier/ROS2_Queue_Viewer/ros_ws/build/QueueViewer/build/lib/QueueViewer
[0.435s] copying QueueViewer/__init__.py -> /home/fyier/ROS2_Queue_Viewer/ros_ws/build/QueueViewer/build/lib/QueueViewer
[0.435s] running install
[0.435s] running install_lib
[0.435s] creating /home/fyier/ROS2_Queue_Viewer/ros_ws/install/QueueViewer/lib/python3.10/site-packages/QueueViewer
[0.435s] copying /home/fyier/ROS2_Queue_Viewer/ros_ws/build/QueueViewer/build/lib/QueueViewer/json_queue_publisher.py -> /home/fyier/ROS2_Queue_Viewer/ros_ws/install/QueueViewer/lib/python3.10/site-packages/QueueViewer
[0.435s] copying /home/fyier/ROS2_Queue_Viewer/ros_ws/build/QueueViewer/build/lib/QueueViewer/__init__.py -> /home/fyier/ROS2_Queue_Viewer/ros_ws/install/QueueViewer/lib/python3.10/site-packages/QueueViewer
[0.436s] byte-compiling /home/fyier/ROS2_Queue_Viewer/ros_ws/install/QueueViewer/lib/python3.10/site-packages/QueueViewer/json_queue_publisher.py to json_queue_publisher.cpython-310.pyc
[0.436s] byte-compiling /home/fyier/ROS2_Queue_Viewer/ros_ws/install/QueueViewer/lib/python3.10/site-packages/QueueViewer/__init__.py to __init__.cpython-310.pyc
[0.436s] running install_data
[0.436s] creating /home/fyier/ROS2_Queue_Viewer/ros_ws/install/QueueViewer/share/ament_index
[0.437s] creating /home/fyier/ROS2_Queue_Viewer/ros_ws/install/QueueViewer/share/ament_index/resource_index
[0.437s] creating /home/fyier/ROS2_Queue_Viewer/ros_ws/install/QueueViewer/share/ament_index/resource_index/packages
[0.437s] copying resource/QueueViewer -> /home/fyier/ROS2_Queue_Viewer/ros_ws/install/QueueViewer/share/ament_index/resource_index/packages
[0.437s] copying package.xml -> /home/fyier/ROS2_Queue_Viewer/ros_ws/install/QueueViewer/share/QueueViewer
[0.437s] running install_egg_info
[0.438s] Copying ../../build/QueueViewer/QueueViewer.egg-info to /home/fyier/ROS2_Queue_Viewer/ros_ws/install/QueueViewer/lib/python3.10/site-packages/QueueViewer-0.0.0-py3.10.egg-info
[0.439s] running install_scripts
[0.449s] Installing json_queue_publisher script to /home/fyier/ROS2_Queue_Viewer/ros_ws/install/QueueViewer/lib/QueueViewer
[0.449s] writing list of installed files to '/home/fyier/ROS2_Queue_Viewer/ros_ws/build/QueueViewer/install.log'
[0.460s] Invoked command in '/home/fyier/ROS2_Queue_Viewer/ros_ws/src/QueueViewer' returned '0': PYTHONPATH=/home/fyier/ROS2_Queue_Viewer/ros_ws/build/QueueViewer/prefix_override:/usr/lib/python3/dist-packages/colcon_core/task/python/colcon_distutils_commands:/home/fyier/ROS2_Queue_Viewer/ros_ws/install/QueueViewer/lib/python3.10/site-packages:${PYTHONPATH} /usr/bin/python3 -W ignore:setup.py install is deprecated setup.py egg_info --egg-base ../../build/QueueViewer build --build-base /home/fyier/ROS2_Queue_Viewer/ros_ws/build/QueueViewer/build install --record /home/fyier/ROS2_Queue_Viewer/ros_ws/build/QueueViewer/install.log --single-version-externally-managed install_data
